{"/Users/isaackim/Desktop/Rpp29/deku-api/RelatedProductMongoApi/RelatedAPIMongo/server/Models/apiModel.js": {"path":"/Users/isaackim/Desktop/Rpp29/deku-api/RelatedProductMongoApi/RelatedAPIMongo/server/Models/apiModel.js","statementMap":{"0":{"start":{"line":1,"column":17},"end":{"line":1,"column":36}},"1":{"start":{"line":2,"column":15},"end":{"line":2,"column":30}},"2":{"start":{"line":11,"column":0},"end":{"line":13,"column":32}},"3":{"start":{"line":12,"column":12},"end":{"line":12,"column":56}},"4":{"start":{"line":13,"column":14},"end":{"line":13,"column":30}},"5":{"start":{"line":16,"column":22},"end":{"line":21,"column":2}},"6":{"start":{"line":23,"column":19},"end":{"line":23,"column":63}},"7":{"start":{"line":24,"column":0},"end":{"line":24,"column":28}}},"fnMap":{"0":{"name":"(anonymous_0)","decl":{"start":{"line":12,"column":6},"end":{"line":12,"column":7}},"loc":{"start":{"line":12,"column":12},"end":{"line":12,"column":56}},"line":12},"1":{"name":"(anonymous_1)","decl":{"start":{"line":13,"column":7},"end":{"line":13,"column":8}},"loc":{"start":{"line":13,"column":14},"end":{"line":13,"column":30}},"line":13}},"branchMap":{},"s":{"0":1,"1":1,"2":1,"3":1,"4":0,"5":1,"6":1,"7":1},"f":{"0":1,"1":0},"b":{},"_coverageSchema":"1a1c01bbd47fc00a2c39e90264f33305004495a9","hash":"d45465b2d10120a6b258904d7181a8543be7ecc2"}
}
