{"/Users/isaackim/Desktop/Rpp29/deku-api/RelatedProductMongoApi/RelatedAPIMongo/server/Models/apiModel.js": {"path":"/Users/isaackim/Desktop/Rpp29/deku-api/RelatedProductMongoApi/RelatedAPIMongo/server/Models/apiModel.js","statementMap":{"0":{"start":{"line":1,"column":17},"end":{"line":1,"column":36}},"1":{"start":{"line":2,"column":15},"end":{"line":2,"column":30}},"2":{"start":{"line":5,"column":0},"end":{"line":7,"column":32}},"3":{"start":{"line":6,"column":12},"end":{"line":6,"column":56}},"4":{"start":{"line":7,"column":14},"end":{"line":7,"column":30}},"5":{"start":{"line":10,"column":22},"end":{"line":15,"column":2}},"6":{"start":{"line":17,"column":19},"end":{"line":17,"column":63}},"7":{"start":{"line":18,"column":0},"end":{"line":18,"column":28}}},"fnMap":{"0":{"name":"(anonymous_0)","decl":{"start":{"line":6,"column":6},"end":{"line":6,"column":7}},"loc":{"start":{"line":6,"column":12},"end":{"line":6,"column":56}},"line":6},"1":{"name":"(anonymous_1)","decl":{"start":{"line":7,"column":7},"end":{"line":7,"column":8}},"loc":{"start":{"line":7,"column":14},"end":{"line":7,"column":30}},"line":7}},"branchMap":{},"s":{"0":1,"1":1,"2":1,"3":1,"4":0,"5":1,"6":1,"7":1},"f":{"0":1,"1":0},"b":{},"_coverageSchema":"1a1c01bbd47fc00a2c39e90264f33305004495a9","hash":"3ceded3e183ea76420c9b1525928d03ed55dcfc1"}
}
